<?xml version="1.0" encoding="UTF-8"?>
<!-- Generated by org.testng.reporters.JUnitXMLReporter -->
<testsuite ignored="2" hostname="DESKTOP-5MNBMD0" failures="0" tests="3" name="Test" time="0.105" errors="0" timestamp="2023-12-02T16:56:12 IST">
  <testcase classname="TestNG.Group" name="eatFood" time="0.013"/>
  <testcase classname="TestNG.Group" name="education" time="0.002"/>
  <testcase classname="TestNG.Group" name="wearClothes" time="0.002"/>
  <testcase classname="TestNG.Group" name="goVacation" time="0.0">
    <ignored/>
  </testcase> <!-- goVacation -->
  <testcase classname="TestNG.Group" name="buyCar" time="0.0">
    <ignored/>
  </testcase> <!-- buyCar -->
</testsuite> <!-- Test -->
